<?xml version="1.0" encoding="UTF-8"?>
<!-- Generated by org.testng.reporters.JUnitReportReporter -->
<testsuite hostname="LAP01441s-MacBook-Pro.local" failures="0" tests="1" name="com.example.SearchWeatherTest" time="28.863" errors="0" timestamp="2021-10-10T00:30:39 ICT" skipped="0">
  <testcase classname="com.example.SearchWeatherTest" name="testSearchWeather" time="28.863"/>
  <system-out/>
</testsuite> <!-- com.example.SearchWeatherTest -->
