<?xml version="1.0" encoding="UTF-8"?>
<!-- Generated by org.testng.reporters.JUnitReportReporter -->
<testsuite hostname="LAP01441s-MacBook-Pro.local" failures="0" tests="2" name="com.example.SearchWeatherTest" time="54.848" errors="0" timestamp="2021-10-10T11:27:46 ICT" skipped="0">
  <testcase classname="com.example.SearchWeatherTest" name="testSearchWeather" time="26.409"/>
  <system-out/>
  <testcase classname="com.example.SearchWeatherTest" name="testSearchWeather" time="28.439"/>
  <system-out/>
</testsuite> <!-- com.example.SearchWeatherTest -->
